{
  "stats": {
    "suites": 3,
    "tests": 2,
    "passes": 2,
    "pending": 0,
    "failures": 0,
    "start": "2018-03-31T12:30:34.058Z",
    "end": "2018-03-31T12:30:34.135Z",
    "duration": 77,
    "testsRegistered": 2,
    "passPercent": 100,
    "pendingPercent": 0,
    "other": 0,
    "hasOther": false,
    "skipped": 0,
    "hasSkipped": false,
    "passPercentClass": "success",
    "pendingPercentClass": "danger"
  },
  "suites": {
    "uuid": "bea3d54f-5c5e-4a83-863b-b7f354c5a9b0",
    "title": "",
    "fullFile": "",
    "file": "",
    "beforeHooks": [],
    "afterHooks": [],
    "tests": [],
    "suites": [
      {
        "uuid": "66095612-7d55-492f-89ac-cf39b3e090e3",
        "title": "NodeUII自动化测试脚本",
        "fullFile": "/Users/liufeifei/Desktop/test/tests/service/router.spec.js",
        "file": "/tests/service/router.spec.js",
        "beforeHooks": [],
        "afterHooks": [],
        "tests": [],
        "suites": [
          {
            "uuid": "7a907861-b14b-4db3-86d4-ca47151c37b1",
            "title": "API接口测试",
            "fullFile": "/Users/liufeifei/Desktop/test/tests/service/router.spec.js",
            "file": "/tests/service/router.spec.js",
            "beforeHooks": [],
            "afterHooks": [],
            "tests": [
              {
                "title": "获取测试的数据",
                "fullTitle": "NodeUII自动化测试脚本 API接口测试 获取测试的数据",
                "timedOut": false,
                "duration": 38,
                "state": "passed",
                "speed": "medium",
                "pass": true,
                "fail": false,
                "pending": false,
                "code": "request().\n    get('/index/test').\n    set('Accept', 'appliaction/json').\n    expect(\"Content-Type\", /json/).\n    expect(200)\n    .end(function (err, response) {\n        console.log('<===',response.body.data)\n        console.log(response.body.data == \"hello test\",'===>');    \n        if (response.body.data == \"hello test\") {\n            done();\n        } else {\n            done(new Error(\"测试接口与期望数据不符合\"));\n        }\n    });",
                "err": {},
                "isRoot": false,
                "uuid": "7f6f8223-0fd8-4559-bd6b-f63a6ac1d5b5",
                "isHook": false,
                "skipped": false
              }
            ],
            "suites": [],
            "passes": [
              "7f6f8223-0fd8-4559-bd6b-f63a6ac1d5b5"
            ],
            "failures": [],
            "pending": [],
            "skipped": [],
            "duration": 38,
            "root": false,
            "rootEmpty": false,
            "_timeout": 2000
          },
          {
            "uuid": "674e86dc-4db1-402c-8c16-7fe7fa906c30",
            "title": "NodeUII容错测试",
            "fullFile": "/Users/liufeifei/Desktop/test/tests/service/router.spec.js",
            "file": "/tests/service/router.spec.js",
            "beforeHooks": [],
            "afterHooks": [],
            "tests": [
              {
                "title": "测试404脚本容错http code",
                "fullTitle": "NodeUII自动化测试脚本 NodeUII容错测试 测试404脚本容错http code",
                "timedOut": false,
                "duration": 12,
                "state": "passed",
                "speed": "fast",
                "pass": true,
                "fail": false,
                "pending": false,
                "code": "request()\n    .get(\"/message/notfound\")\n    .expect(404, done);",
                "err": {},
                "isRoot": false,
                "uuid": "0232a6a5-9205-4c21-abf2-21fea0cb7466",
                "isHook": false,
                "skipped": false
              }
            ],
            "suites": [],
            "passes": [
              "0232a6a5-9205-4c21-abf2-21fea0cb7466"
            ],
            "failures": [],
            "pending": [],
            "skipped": [],
            "duration": 12,
            "root": false,
            "rootEmpty": false,
            "_timeout": 2000
          }
        ],
        "passes": [],
        "failures": [],
        "pending": [],
        "skipped": [],
        "duration": 0,
        "root": false,
        "rootEmpty": false,
        "_timeout": 2000
      }
    ],
    "passes": [],
    "failures": [],
    "pending": [],
    "skipped": [],
    "duration": 0,
    "root": true,
    "rootEmpty": true,
    "_timeout": 2000
  },
  "copyrightYear": 2018
}